<?xml version="1.0" encoding="UTF-8"?>
<testsuite xmlns:xsi="http://www.w3.org/2001/XMLSchema-instance" xsi:noNamespaceSchemaLocation="https://maven.apache.org/surefire/maven-surefire-plugin/xsd/surefire-test-report-3.0.xsd" version="3.0" name="org.jgrapht.demo.WarnsdorffRuleKnightTourHeuristicTest" time="0.543" tests="26" errors="0" skipped="0" failures="0">
  <properties>
[...]
</properties>
  <testcase name="warnsdorffIncorrectConfigurationOpen" classname="org.jgrapht.demo.WarnsdorffRuleKnightTourHeuristicTest" time="0.001"/>
  <testcase name="warnsdorffIncorrectBoardConfigurationBothNegative2" classname="org.jgrapht.demo.WarnsdorffRuleKnightTourHeuristicTest" time="0"/>
  <testcase name="warnsdorff42x42ClosedStructured" classname="org.jgrapht.demo.WarnsdorffRuleKnightTourHeuristicTest" time="0.191"/>
  <testcase name="warnsdorff34x34ClosedWithShift" classname="org.jgrapht.demo.WarnsdorffRuleKnightTourHeuristicTest" time="0.066"/>
  <testcase name="warnsdorff49x34Closed" classname="org.jgrapht.demo.WarnsdorffRuleKnightTourHeuristicTest" time="0.094"/>
  <testcase name="warnsdorff10x10Closed" classname="org.jgrapht.demo.WarnsdorffRuleKnightTourHeuristicTest" time="0.001"/>
  <testcase name="warnsdorffIncorrectTourConfigurationClosedBothOdd" classname="org.jgrapht.demo.WarnsdorffRuleKnightTourHeuristicTest" time="0"/>
  <testcase name="warnsdorffOpenNonStructured4x6" classname="org.jgrapht.demo.WarnsdorffRuleKnightTourHeuristicTest" time="0"/>
  <testcase name="warnsdorff41x41OpenStructured" classname="org.jgrapht.demo.WarnsdorffRuleKnightTourHeuristicTest" time="0.004"/>
  <testcase name="warnsdorffDoubleInvocationToArrayList" classname="org.jgrapht.demo.WarnsdorffRuleKnightTourHeuristicTest" time="0.072"/>
  <testcase name="warnsdorff63x23OpenStructured" classname="org.jgrapht.demo.WarnsdorffRuleKnightTourHeuristicTest" time="0.004"/>
  <testcase name="warnsdorff40x20OpenStructured" classname="org.jgrapht.demo.WarnsdorffRuleKnightTourHeuristicTest" time="0.002"/>
  <testcase name="warnsdorff18x34ClosedStructuredWithShift" classname="org.jgrapht.demo.WarnsdorffRuleKnightTourHeuristicTest" time="0.014"/>
  <testcase name="warnsdorffDoubleInvocationToArrayListAndgetTour" classname="org.jgrapht.demo.WarnsdorffRuleKnightTourHeuristicTest" time="0.033"/>
  <testcase name="warnsdorffIncorrectBoardConfigurationOneDimSmall" classname="org.jgrapht.demo.WarnsdorffRuleKnightTourHeuristicTest" time="0"/>
  <testcase name="warnsdorff37x10Open" classname="org.jgrapht.demo.WarnsdorffRuleKnightTourHeuristicTest" time="0.001"/>
  <testcase name="warnsdorff10x10Open" classname="org.jgrapht.demo.WarnsdorffRuleKnightTourHeuristicTest" time="0"/>
  <testcase name="warnsdorffIncorrectBoardConfiguration0x100" classname="org.jgrapht.demo.WarnsdorffRuleKnightTourHeuristicTest" time="0"/>
  <testcase name="warnsdorff8x8OpenWithShift" classname="org.jgrapht.demo.WarnsdorffRuleKnightTourHeuristicTest" time="0"/>
  <testcase name="warnsdorff41x41Open" classname="org.jgrapht.demo.WarnsdorffRuleKnightTourHeuristicTest" time="0.004"/>
  <testcase name="warnsdorffIncorrectBoardConfigurationBothNegative" classname="org.jgrapht.demo.WarnsdorffRuleKnightTourHeuristicTest" time="0"/>
  <testcase name="warnsdorff34x34ClosedStructuredWithShift" classname="org.jgrapht.demo.WarnsdorffRuleKnightTourHeuristicTest" time="0.045"/>
  <testcase name="warnsdorffIncorrectConfigurationOpen3x5" classname="org.jgrapht.demo.WarnsdorffRuleKnightTourHeuristicTest" time="0"/>
  <testcase name="warnsdorffIncorrectConfigurationOpen3x6" classname="org.jgrapht.demo.WarnsdorffRuleKnightTourHeuristicTest" time="0"/>
  <testcase name="warnsdorffIncorrectConfigurationOpen4x4" classname="org.jgrapht.demo.WarnsdorffRuleKnightTourHeuristicTest" time="0"/>
  <testcase name="warnsdorffIncorrectTourConfigurationClosed4x6" classname="org.jgrapht.demo.WarnsdorffRuleKnightTourHeuristicTest" time="0"/>
</testsuite>