<?xml version="1.0" encoding="UTF-8"?>
<testsuite xmlns:xsi="http://www.w3.org/2001/XMLSchema-instance" xsi:noNamespaceSchemaLocation="https://maven.apache.org/surefire/maven-surefire-plugin/xsd/surefire-test-report-3.0.xsd" version="3.0" name="org.jgrapht.nio.graphml.GraphMLImporterTest" time="0.386" tests="25" errors="0" skipped="0" failures="0">
  <properties>
[...]
</properties>
  <testcase name="testValidateNoNodeId" classname="org.jgrapht.nio.graphml.GraphMLImporterTest" time="0.052"/>
  <testcase name="testDirectedUnweighted" classname="org.jgrapht.nio.graphml.GraphMLImporterTest" time="0.021"/>
  <testcase name="testValidateDuplicateNode" classname="org.jgrapht.nio.graphml.GraphMLImporterTest" time="0.024"/>
  <testcase name="testVertexFactory" classname="org.jgrapht.nio.graphml.GraphMLImporterTest" time="0.014"/>
  <testcase name="testWithAttributesCustomNamedWeightedGraphs" classname="org.jgrapht.nio.graphml.GraphMLImporterTest" time="0.03"/>
  <testcase name="testUndirectedUnweightedPseudoGraph" classname="org.jgrapht.nio.graphml.GraphMLImporterTest" time="0.013"/>
  <testcase name="testValidate" classname="org.jgrapht.nio.graphml.GraphMLImporterTest" time="0.014"/>
  <testcase name="testUndirectedUnweightedStringKeys" classname="org.jgrapht.nio.graphml.GraphMLImporterTest" time="0.014"/>
  <testcase name="testNonValidNoVertexId" classname="org.jgrapht.nio.graphml.GraphMLImporterTest" time="0.001"/>
  <testcase name="testUndirectedUnweighted" classname="org.jgrapht.nio.graphml.GraphMLImporterTest" time="0.011"/>
  <testcase name="testExportImport" classname="org.jgrapht.nio.graphml.GraphMLImporterTest" time="0.011"/>
  <testcase name="testUnsupportedGraph" classname="org.jgrapht.nio.graphml.GraphMLImporterTest" time="0.011"/>
  <testcase name="testWithAttributesWeightedGraphs" classname="org.jgrapht.nio.graphml.GraphMLImporterTest" time="0.016"/>
  <testcase name="testUndirectedUnweightedPrefix" classname="org.jgrapht.nio.graphml.GraphMLImporterTest" time="0.011"/>
  <testcase name="testWithAttributes" classname="org.jgrapht.nio.graphml.GraphMLImporterTest" time="0.021"/>
  <testcase name="testWithAttributesCustomNamedWeightedForAllGraphs" classname="org.jgrapht.nio.graphml.GraphMLImporterTest" time="0.023"/>
  <testcase name="testUndirectedUnweightedFromInputStream" classname="org.jgrapht.nio.graphml.GraphMLImporterTest" time="0.009"/>
  <testcase name="testValidWithXLinkNodeAttrib" classname="org.jgrapht.nio.graphml.GraphMLImporterTest" time="0.01"/>
  <testcase name="testNonValidApoc" classname="org.jgrapht.nio.graphml.GraphMLImporterTest" time="0.002"/>
  <testcase name="testUndirectedUnweightedWrongOrder" classname="org.jgrapht.nio.graphml.GraphMLImporterTest" time="0.01"/>
  <testcase name="testWithMapAttributes" classname="org.jgrapht.nio.graphml.GraphMLImporterTest" time="0.009"/>
  <testcase name="testWithAttributesAtGraphLevel" classname="org.jgrapht.nio.graphml.GraphMLImporterTest" time="0.013"/>
  <testcase name="testNestedGraphs" classname="org.jgrapht.nio.graphml.GraphMLImporterTest" time="0.02"/>
  <testcase name="testWithHyperEdges" classname="org.jgrapht.nio.graphml.GraphMLImporterTest" time="0.008"/>
  <testcase name="testWithAttributesAtGraphMLLevel" classname="org.jgrapht.nio.graphml.GraphMLImporterTest" time="0.009"/>
</testsuite>