<?xml version="1.0" encoding="UTF-8"?>
<testsuite xmlns:xsi="http://www.w3.org/2001/XMLSchema-instance" xsi:noNamespaceSchemaLocation="https://maven.apache.org/surefire/maven-surefire-plugin/xsd/surefire-test-report-3.0.xsd" version="3.0" name="org.jgrapht.nio.dot.DOTImporter1Test" time="0.03" tests="22" errors="0" skipped="0" failures="0">
  <properties>
[...]
</properties>
  <testcase name="testGarbageStringInvalidFirstLine" classname="org.jgrapht.nio.dot.DOTImporter1Test" time="0.001"/>
  <testcase name="testAttributesWithNoQuotes" classname="org.jgrapht.nio.dot.DOTImporter1Test" time="0.002"/>
  <testcase name="testAttributesWithNoValues" classname="org.jgrapht.nio.dot.DOTImporter1Test" time="0.001"/>
  <testcase name="testNoLineEndBetweenNodes" classname="org.jgrapht.nio.dot.DOTImporter1Test" time="0.001"/>
  <testcase name="testImportOnlyGraphKeyword" classname="org.jgrapht.nio.dot.DOTImporter1Test" time="0"/>
  <testcase name="testGarbageStringEnoughLines" classname="org.jgrapht.nio.dot.DOTImporter1Test" time="0.001"/>
  <testcase name="testUpdatingVertex" classname="org.jgrapht.nio.dot.DOTImporter1Test" time="0.001"/>
  <testcase name="testExportImportLoop" classname="org.jgrapht.nio.dot.DOTImporter1Test" time="0.002"/>
  <testcase name="testDirectedSameLabels" classname="org.jgrapht.nio.dot.DOTImporter1Test" time="0.002"/>
  <testcase name="testMultiLinksUndirected" classname="org.jgrapht.nio.dot.DOTImporter1Test" time="0.001"/>
  <testcase name="testImportID" classname="org.jgrapht.nio.dot.DOTImporter1Test" time="0.002"/>
  <testcase name="testInvalidHeader" classname="org.jgrapht.nio.dot.DOTImporter1Test" time="0.002"/>
  <testcase name="testEmptyString" classname="org.jgrapht.nio.dot.DOTImporter1Test" time="0.001"/>
  <testcase name="testGarbageStringNotEnoughLines" classname="org.jgrapht.nio.dot.DOTImporter1Test" time="0"/>
  <testcase name="testUndirectedWithLabels" classname="org.jgrapht.nio.dot.DOTImporter1Test" time="0.002"/>
  <testcase name="testDirectedNoLabels" classname="org.jgrapht.nio.dot.DOTImporter1Test" time="0.001"/>
  <testcase name="testImportNoID" classname="org.jgrapht.nio.dot.DOTImporter1Test" time="0.001"/>
  <testcase name="testWithReader" classname="org.jgrapht.nio.dot.DOTImporter1Test" time="0.001"/>
  <testcase name="testDashLabelVertex" classname="org.jgrapht.nio.dot.DOTImporter1Test" time="0.001"/>
  <testcase name="testParametersWithSemicolons" classname="org.jgrapht.nio.dot.DOTImporter1Test" time="0"/>
  <testcase name="testImportWrongID" classname="org.jgrapht.nio.dot.DOTImporter1Test" time="0.001"/>
  <testcase name="testLabelsWithEscapedSemicolons" classname="org.jgrapht.nio.dot.DOTImporter1Test" time="0.002"/>
</testsuite>